2023-03-03 01:44:07,284 DEBUG: Using KQueuePoller
2023-03-03 01:44:07,284 DEBUG: Created default connection workflow <pika.adapters.utils.connection_workflow.AMQPConnectionWorkflow object at 0x102174e10>
2023-03-03 01:44:07,284 DEBUG: Starting AMQP Connection workflow asynchronously.
2023-03-03 01:44:07,285 DEBUG: call_later: added timeout <pika.adapters.select_connection._Timeout object at 0x10215d120> with deadline=10668.087428875 and callback=functools.partial(<bound method AMQPConnectionWorkflow._start_new_cycle_async of <pika.adapters.utils.connection_workflow.AMQPConnectionWorkflow object at 0x102174e10>>, first=True); now=10668.087428875; delay=0
2023-03-03 01:44:07,285 DEBUG: Beginning a new AMQP connection workflow cycle; attempts remaining after this: 0
2023-03-03 01:44:07,285 DEBUG: call_later: added timeout <pika.adapters.select_connection._Timeout object at 0x10215d030> with deadline=10668.087592583 and callback=<bound method AMQPConnectionWorkflow._try_next_config_async of <pika.adapters.utils.connection_workflow.AMQPConnectionWorkflow object at 0x102174e10>>; now=10668.087592583; delay=0
2023-03-03 01:44:07,285 DEBUG: _try_next_config_async: 'localhost':5672
2023-03-03 01:44:07,287 DEBUG: add_callback_threadsafe: added callback=<bound method _AddressResolver._dispatch_result of <pika.adapters.utils.selector_ioloop_adapter._AddressResolver object at 0x1021747d0>>
2023-03-03 01:44:07,287 DEBUG: process_timeouts: invoking callback=<bound method _AddressResolver._dispatch_result of <pika.adapters.utils.selector_ioloop_adapter._AddressResolver object at 0x1021747d0>>
2023-03-03 01:44:07,287 DEBUG: Invoking asynchronous getaddrinfo() completion callback; host='localhost'
2023-03-03 01:44:07,287 DEBUG: getaddrinfo returned 2 records
2023-03-03 01:44:07,287 DEBUG: Attempting to connect using address record (<AddressFamily.AF_INET6: 30>, <SocketKind.SOCK_STREAM: 1>, 6, '', ('::1', 5672, 0, 0))
2023-03-03 01:44:07,287 INFO: Pika version 1.3.1 connecting to ('::1', 5672, 0, 0)
2023-03-03 01:44:07,287 DEBUG: add_callback_threadsafe: added callback=<bound method _AsyncSocketConnector._start_async of <pika.adapters.utils.io_services_utils._AsyncSocketConnector object at 0x102175390>>
2023-03-03 01:44:07,287 DEBUG: call_later: added timeout <pika.adapters.select_connection._Timeout object at 0x10215ce80> with deadline=10678.090022291 and callback=<bound method AMQPConnector._on_tcp_connection_timeout of <pika.adapters.utils.connection_workflow.AMQPConnector object at 0x1021402d0>>; now=10668.090022291; delay=10.0
2023-03-03 01:44:07,287 DEBUG: call_later: added timeout <pika.adapters.select_connection._Timeout object at 0x10215d2d0> with deadline=10683.090070458 and callback=<bound method AMQPConnector._on_overall_timeout of <pika.adapters.utils.connection_workflow.AMQPConnector object at 0x1021402d0>>; now=10668.090070458; delay=15.0
2023-03-03 01:44:07,287 DEBUG: process_timeouts: invoking callback=<bound method _AsyncSocketConnector._start_async of <pika.adapters.utils.io_services_utils._AsyncSocketConnector object at 0x102175390>>
2023-03-03 01:44:07,287 DEBUG: SelectorIOServicesAdapter.set_writer(9, <bound method _AsyncSocketConnector._on_writable of <pika.adapters.utils.io_services_utils._AsyncSocketConnector object at 0x102175390>>)
2023-03-03 01:44:07,287 DEBUG: set_writer(9, _) added handler Wr
2023-03-03 01:44:07,287 DEBUG: Connection-establishment is in progress for <socket.socket fd=9, family=30, type=1, proto=6, laddr=('::1', 55078, 0, 0), raddr=('::1', 5672, 0, 0)>.
2023-03-03 01:44:07,287 INFO: Socket connected: <socket.socket fd=9, family=30, type=1, proto=6, laddr=('::1', 55078, 0, 0), raddr=('::1', 5672, 0, 0)>
2023-03-03 01:44:07,288 DEBUG: _AsyncSocketConnector._report_completion(None); <socket.socket fd=9, family=30, type=1, proto=6, laddr=('::1', 55078, 0, 0), raddr=('::1', 5672, 0, 0)>
2023-03-03 01:44:07,288 DEBUG: SelectorIOServicesAdapter.remove_writer(9)
2023-03-03 01:44:07,288 DEBUG: remove_writer(9) removed handler
2023-03-03 01:44:07,288 DEBUG: remove_timeout: removing timeout <pika.adapters.select_connection._Timeout object at 0x10215ce80> with deadline=10678.090022291 and callback=<bound method AMQPConnector._on_tcp_connection_timeout of <pika.adapters.utils.connection_workflow.AMQPConnector object at 0x1021402d0>>
2023-03-03 01:44:07,288 DEBUG: TCP connection to broker established: <socket.socket fd=9, family=30, type=1, proto=6, laddr=('::1', 55078, 0, 0), raddr=('::1', 5672, 0, 0)>.
2023-03-03 01:44:07,288 DEBUG: _AsyncStreamConnector.start(); <socket.socket fd=9, family=30, type=1, proto=6, laddr=('::1', 55078, 0, 0), raddr=('::1', 5672, 0, 0)>
2023-03-03 01:44:07,288 DEBUG: add_callback_threadsafe: added callback=<bound method _AsyncStreamConnector._start_async of <pika.adapters.utils.io_services_utils._AsyncStreamConnector object at 0x100fea710>>
2023-03-03 01:44:07,288 DEBUG: process_timeouts: invoking callback=<bound method _AsyncStreamConnector._start_async of <pika.adapters.utils.io_services_utils._AsyncStreamConnector object at 0x100fea710>>
2023-03-03 01:44:07,288 DEBUG: _AsyncStreamConnector._start_async(); <socket.socket fd=9, family=30, type=1, proto=6, laddr=('::1', 55078, 0, 0), raddr=('::1', 5672, 0, 0)>
2023-03-03 01:44:07,288 DEBUG: _AsyncStreamConnector._linkup()
2023-03-03 01:44:07,288 DEBUG: New Connection state: CLOSED (prev=CLOSED)
2023-03-03 01:44:07,288 DEBUG: Added: {'callback': <bound method Connection._on_connection_start of <SelectConnection CLOSED transport=None params=<ConnectionParameters host=localhost port=5672 virtual_host=/ ssl=False>>>, 'one_shot': True, 'only': None, 'arguments': None, 'calls': 1}
2023-03-03 01:44:07,288 DEBUG: Added: {'callback': <bound method Connection._on_connection_close_from_broker of <SelectConnection CLOSED transport=None params=<ConnectionParameters host=localhost port=5672 virtual_host=/ ssl=False>>>, 'one_shot': True, 'only': None, 'arguments': None, 'calls': 1}
2023-03-03 01:44:07,288 DEBUG: Added: {'callback': <bound method Connection._default_on_connection_error of <SelectConnection CLOSED transport=None params=<ConnectionParameters host=localhost port=5672 virtual_host=/ ssl=False>>>, 'one_shot': False, 'only': None, 'arguments': None}
2023-03-03 01:44:07,288 DEBUG: New Connection state: INIT (prev=CLOSED)
2023-03-03 01:44:07,288 DEBUG: Using external connection workflow.
2023-03-03 01:44:07,288 DEBUG: _AsyncTransportBase.__init__: <socket.socket fd=9, family=30, type=1, proto=6, laddr=('::1', 55078, 0, 0), raddr=('::1', 5672, 0, 0)>
2023-03-03 01:44:07,288 DEBUG: SelectorIOServicesAdapter.set_reader(9, <bound method _AsyncPlaintextTransport._on_socket_readable of <pika.adapters.utils.io_services_utils._AsyncPlaintextTransport object at 0x102176590>>)
2023-03-03 01:44:07,288 DEBUG: set_reader(9, _) added handler Rd
2023-03-03 01:44:07,288 DEBUG: _linkup(): created transport <pika.adapters.utils.io_services_utils._AsyncPlaintextTransport object at 0x102176590>
2023-03-03 01:44:07,289 DEBUG: New Connection state: PROTOCOL (prev=INIT)
2023-03-03 01:44:07,289 DEBUG: SelectorIOServicesAdapter.set_writer(9, <bound method _AsyncPlaintextTransport._on_socket_writable of <pika.adapters.utils.io_services_utils._AsyncPlaintextTransport object at 0x102176590>>)
2023-03-03 01:44:07,289 DEBUG: set_writer(9, _) updated handler RdWr
2023-03-03 01:44:07,289 DEBUG: Turned on writability watcher: <socket.socket fd=9, family=30, type=1, proto=6, laddr=('::1', 55078, 0, 0), raddr=('::1', 5672, 0, 0)>
2023-03-03 01:44:07,289 DEBUG: _linkup(): introduced transport to protocol <pika.adapters.utils.io_services_utils._AsyncPlaintextTransport object at 0x102176590>; _StreamingProtocolShim: <SelectConnection PROTOCOL transport=<pika.adapters.utils.io_services_utils._AsyncPlaintextTransport object at 0x102176590> params=<ConnectionParameters host=localhost port=5672 virtual_host=/ ssl=False>>
2023-03-03 01:44:07,289 DEBUG: _AsyncStreamConnector._report_completion((<pika.adapters.utils.io_services_utils._AsyncPlaintextTransport object at 0x102176590>, _StreamingProtocolShim: <SelectConnection PROTOCOL transport=<pika.adapters.utils.io_services_utils._AsyncPlaintextTransport object at 0x102176590> params=<ConnectionParameters host=localhost port=5672 virtual_host=/ ssl=False>>)); <socket.socket fd=9, family=30, type=1, proto=6, laddr=('::1', 55078, 0, 0), raddr=('::1', 5672, 0, 0)>
2023-03-03 01:44:07,289 INFO: Streaming transport linked up: (<pika.adapters.utils.io_services_utils._AsyncPlaintextTransport object at 0x102176590>, _StreamingProtocolShim: <SelectConnection PROTOCOL transport=<pika.adapters.utils.io_services_utils._AsyncPlaintextTransport object at 0x102176590> params=<ConnectionParameters host=localhost port=5672 virtual_host=/ ssl=False>>).
2023-03-03 01:44:07,289 DEBUG: Removing callback #0: {'callback': <bound method Connection._default_on_connection_error of <SelectConnection PROTOCOL transport=<pika.adapters.utils.io_services_utils._AsyncPlaintextTransport object at 0x102176590> params=<ConnectionParameters host=localhost port=5672 virtual_host=/ ssl=False>>>, 'one_shot': False, 'only': None, 'arguments': None}
2023-03-03 01:44:07,289 DEBUG: Added: {'callback': <bound method AMQPConnector._on_amqp_handshake_done of <pika.adapters.utils.connection_workflow.AMQPConnector object at 0x1021402d0>>, 'one_shot': False, 'only': None, 'arguments': None}
2023-03-03 01:44:07,289 DEBUG: Added: {'callback': <bound method AMQPConnector._on_amqp_handshake_done of <pika.adapters.utils.connection_workflow.AMQPConnector object at 0x1021402d0>>, 'one_shot': False, 'only': None, 'arguments': None}
2023-03-03 01:44:07,289 DEBUG: _AsyncStreamConnector._cleanup(False)
2023-03-03 01:44:07,289 DEBUG: SelectorIOServicesAdapter.remove_writer(9)
2023-03-03 01:44:07,289 DEBUG: remove_writer(9) updated handler Rd
2023-03-03 01:44:07,289 DEBUG: Turned off writability watcher: <socket.socket fd=9, family=30, type=1, proto=6, laddr=('::1', 55078, 0, 0), raddr=('::1', 5672, 0, 0)>
2023-03-03 01:44:07,294 DEBUG: Processing 0:Connection.Start
2023-03-03 01:44:07,294 DEBUG: Processing use of oneshot callback
2023-03-03 01:44:07,294 DEBUG: 0 registered uses left
2023-03-03 01:44:07,294 DEBUG: Removing callback #0: {'callback': <bound method Connection._on_connection_start of <SelectConnection PROTOCOL transport=<pika.adapters.utils.io_services_utils._AsyncPlaintextTransport object at 0x102176590> params=<ConnectionParameters host=localhost port=5672 virtual_host=/ ssl=False>>>, 'one_shot': True, 'only': None, 'arguments': None, 'calls': 0}
2023-03-03 01:44:07,294 DEBUG: Calling <bound method Connection._on_connection_start of <SelectConnection PROTOCOL transport=<pika.adapters.utils.io_services_utils._AsyncPlaintextTransport object at 0x102176590> params=<ConnectionParameters host=localhost port=5672 virtual_host=/ ssl=False>>> for "0:Connection.Start"
2023-03-03 01:44:07,294 DEBUG: New Connection state: START (prev=PROTOCOL)
2023-03-03 01:44:07,294 DEBUG: Added: {'callback': <bound method Connection._on_connection_tune of <SelectConnection START transport=<pika.adapters.utils.io_services_utils._AsyncPlaintextTransport object at 0x102176590> params=<ConnectionParameters host=localhost port=5672 virtual_host=/ ssl=False>>>, 'one_shot': True, 'only': None, 'arguments': None, 'calls': 1}
2023-03-03 01:44:07,295 DEBUG: SelectorIOServicesAdapter.set_writer(9, <bound method _AsyncPlaintextTransport._on_socket_writable of <pika.adapters.utils.io_services_utils._AsyncPlaintextTransport object at 0x102176590>>)
2023-03-03 01:44:07,295 DEBUG: set_writer(9, _) updated handler RdWr
2023-03-03 01:44:07,295 DEBUG: Turned on writability watcher: <socket.socket fd=9, family=30, type=1, proto=6, laddr=('::1', 55078, 0, 0), raddr=('::1', 5672, 0, 0)>
2023-03-03 01:44:07,295 DEBUG: Recv would block on <socket.socket fd=9, family=30, type=1, proto=6, laddr=('::1', 55078, 0, 0), raddr=('::1', 5672, 0, 0)>
2023-03-03 01:44:07,295 DEBUG: SelectorIOServicesAdapter.remove_writer(9)
2023-03-03 01:44:07,295 DEBUG: remove_writer(9) updated handler Rd
2023-03-03 01:44:07,295 DEBUG: Turned off writability watcher: <socket.socket fd=9, family=30, type=1, proto=6, laddr=('::1', 55078, 0, 0), raddr=('::1', 5672, 0, 0)>
2023-03-03 01:44:07,296 DEBUG: Processing 0:Connection.Tune
2023-03-03 01:44:07,296 DEBUG: Processing use of oneshot callback
2023-03-03 01:44:07,296 DEBUG: 0 registered uses left
2023-03-03 01:44:07,296 DEBUG: Removing callback #0: {'callback': <bound method Connection._on_connection_tune of <SelectConnection START transport=<pika.adapters.utils.io_services_utils._AsyncPlaintextTransport object at 0x102176590> params=<ConnectionParameters host=localhost port=5672 virtual_host=/ ssl=False>>>, 'one_shot': True, 'only': None, 'arguments': None, 'calls': 0}
2023-03-03 01:44:07,297 DEBUG: Calling <bound method Connection._on_connection_tune of <SelectConnection START transport=<pika.adapters.utils.io_services_utils._AsyncPlaintextTransport object at 0x102176590> params=<ConnectionParameters host=localhost port=5672 virtual_host=/ ssl=False>>> for "0:Connection.Tune"
2023-03-03 01:44:07,297 DEBUG: New Connection state: TUNE (prev=START)
2023-03-03 01:44:07,297 DEBUG: Creating a HeartbeatChecker: 60
2023-03-03 01:44:07,297 DEBUG: timeout: 60.000000 send_interval: 30.000000 check_interval: 65.000000
2023-03-03 01:44:07,297 DEBUG: call_later: added timeout <pika.adapters.select_connection._Timeout object at 0x10215d420> with deadline=10698.099611375 and callback=<bound method HeartbeatChecker._send_heartbeat of <pika.heartbeat.HeartbeatChecker object at 0x102175b90>>; now=10668.099611375; delay=30.0
2023-03-03 01:44:07,297 DEBUG: call_later: added timeout <pika.adapters.select_connection._Timeout object at 0x10215d930> with deadline=10733.099657291 and callback=<bound method HeartbeatChecker._check_heartbeat of <pika.heartbeat.HeartbeatChecker object at 0x102175b90>>; now=10668.099657291; delay=65
2023-03-03 01:44:07,297 DEBUG: SelectorIOServicesAdapter.set_writer(9, <bound method _AsyncPlaintextTransport._on_socket_writable of <pika.adapters.utils.io_services_utils._AsyncPlaintextTransport object at 0x102176590>>)
2023-03-03 01:44:07,297 DEBUG: set_writer(9, _) updated handler RdWr
2023-03-03 01:44:07,297 DEBUG: Turned on writability watcher: <socket.socket fd=9, family=30, type=1, proto=6, laddr=('::1', 55078, 0, 0), raddr=('::1', 5672, 0, 0)>
2023-03-03 01:44:07,297 DEBUG: Added: {'callback': <bound method Connection._on_connection_open_ok of <SelectConnection TUNE transport=<pika.adapters.utils.io_services_utils._AsyncPlaintextTransport object at 0x102176590> params=<ConnectionParameters host=localhost port=5672 virtual_host=/ ssl=False>>>, 'one_shot': True, 'only': None, 'arguments': None, 'calls': 1}
2023-03-03 01:44:07,297 DEBUG: Recv would block on <socket.socket fd=9, family=30, type=1, proto=6, laddr=('::1', 55078, 0, 0), raddr=('::1', 5672, 0, 0)>
2023-03-03 01:44:07,297 DEBUG: SelectorIOServicesAdapter.remove_writer(9)
2023-03-03 01:44:07,297 DEBUG: remove_writer(9) updated handler Rd
2023-03-03 01:44:07,297 DEBUG: Turned off writability watcher: <socket.socket fd=9, family=30, type=1, proto=6, laddr=('::1', 55078, 0, 0), raddr=('::1', 5672, 0, 0)>
2023-03-03 01:44:07,298 DEBUG: Processing 0:Connection.OpenOk
2023-03-03 01:44:07,298 DEBUG: Processing use of oneshot callback
2023-03-03 01:44:07,298 DEBUG: 0 registered uses left
2023-03-03 01:44:07,298 DEBUG: Removing callback #0: {'callback': <bound method Connection._on_connection_open_ok of <SelectConnection TUNE transport=<pika.adapters.utils.io_services_utils._AsyncPlaintextTransport object at 0x102176590> params=<ConnectionParameters host=localhost port=5672 virtual_host=/ ssl=False>>>, 'one_shot': True, 'only': None, 'arguments': None, 'calls': 0}
2023-03-03 01:44:07,298 DEBUG: Calling <bound method Connection._on_connection_open_ok of <SelectConnection TUNE transport=<pika.adapters.utils.io_services_utils._AsyncPlaintextTransport object at 0x102176590> params=<ConnectionParameters host=localhost port=5672 virtual_host=/ ssl=False>>> for "0:Connection.OpenOk"
2023-03-03 01:44:07,298 DEBUG: New Connection state: OPEN (prev=TUNE)
2023-03-03 01:44:07,298 DEBUG: Processing 0:_on_connection_open_ok
2023-03-03 01:44:07,298 DEBUG: Calling <bound method AMQPConnector._on_amqp_handshake_done of <pika.adapters.utils.connection_workflow.AMQPConnector object at 0x1021402d0>> for "0:_on_connection_open_ok"
2023-03-03 01:44:07,299 DEBUG: AMQPConnector: AMQP handshake attempt completed; state=3; error=None; 'localhost'/(<AddressFamily.AF_INET6: 30>, <SocketKind.SOCK_STREAM: 1>, 6, '', ('::1', 5672, 0, 0))
2023-03-03 01:44:07,299 DEBUG: AMQPConnector: AMQP connection established for 'localhost'/(<AddressFamily.AF_INET6: 30>, <SocketKind.SOCK_STREAM: 1>, 6, '', ('::1', 5672, 0, 0)): <SelectConnection OPEN transport=<pika.adapters.utils.io_services_utils._AsyncPlaintextTransport object at 0x102176590> params=<ConnectionParameters host=localhost port=5672 virtual_host=/ ssl=False>>
2023-03-03 01:44:07,299 INFO: AMQPConnector - reporting success: <SelectConnection OPEN transport=<pika.adapters.utils.io_services_utils._AsyncPlaintextTransport object at 0x102176590> params=<ConnectionParameters host=localhost port=5672 virtual_host=/ ssl=False>>
2023-03-03 01:44:07,299 DEBUG: remove_timeout: removing timeout <pika.adapters.select_connection._Timeout object at 0x10215d2d0> with deadline=10683.090070458 and callback=<bound method AMQPConnector._on_overall_timeout of <pika.adapters.utils.connection_workflow.AMQPConnector object at 0x1021402d0>>
2023-03-03 01:44:07,299 DEBUG: Connection attempt completed with <SelectConnection OPEN transport=<pika.adapters.utils.io_services_utils._AsyncPlaintextTransport object at 0x102176590> params=<ConnectionParameters host=localhost port=5672 virtual_host=/ ssl=False>>
2023-03-03 01:44:07,299 INFO: AMQPConnectionWorkflow - reporting success: <SelectConnection OPEN transport=<pika.adapters.utils.io_services_utils._AsyncPlaintextTransport object at 0x102176590> params=<ConnectionParameters host=localhost port=5672 virtual_host=/ ssl=False>>
2023-03-03 01:44:07,299 DEBUG: Recv would block on <socket.socket fd=9, family=30, type=1, proto=6, laddr=('::1', 55078, 0, 0), raddr=('::1', 5672, 0, 0)>
2023-03-03 01:44:07,299 INFO: Connection workflow succeeded: <SelectConnection OPEN transport=<pika.adapters.utils.io_services_utils._AsyncPlaintextTransport object at 0x102176590> params=<ConnectionParameters host=localhost port=5672 virtual_host=/ ssl=False>>
2023-03-03 01:44:07,299 DEBUG: Added: {'callback': <bound method _CallbackResult.set_value_once of <pika.adapters.blocking_connection._CallbackResult object at 0x102174ac0>>, 'one_shot': False, 'only': None, 'arguments': None}
2023-03-03 01:44:07,299 DEBUG: Creating channel 1
2023-03-03 01:44:07,299 DEBUG: Added: {'callback': <bound method Connection._on_channel_cleanup of <SelectConnection OPEN transport=<pika.adapters.utils.io_services_utils._AsyncPlaintextTransport object at 0x102176590> params=<ConnectionParameters host=localhost port=5672 virtual_host=/ ssl=False>>>, 'one_shot': True, 'only': <Channel number=1 CLOSED conn=<SelectConnection OPEN transport=<pika.adapters.utils.io_services_utils._AsyncPlaintextTransport object at 0x102176590> params=<ConnectionParameters host=localhost port=5672 virtual_host=/ ssl=False>>>, 'arguments': None, 'calls': 1}
2023-03-03 01:44:07,299 DEBUG: Added: {'callback': <bound method Channel._on_getempty of <Channel number=1 OPENING conn=<SelectConnection OPEN transport=<pika.adapters.utils.io_services_utils._AsyncPlaintextTransport object at 0x102176590> params=<ConnectionParameters host=localhost port=5672 virtual_host=/ ssl=False>>>>, 'one_shot': False, 'only': None, 'arguments': None}
2023-03-03 01:44:07,299 DEBUG: Added: {'callback': <bound method Channel._on_cancel of <Channel number=1 OPENING conn=<SelectConnection OPEN transport=<pika.adapters.utils.io_services_utils._AsyncPlaintextTransport object at 0x102176590> params=<ConnectionParameters host=localhost port=5672 virtual_host=/ ssl=False>>>>, 'one_shot': False, 'only': None, 'arguments': None}
2023-03-03 01:44:07,299 DEBUG: Added: {'callback': <bound method Channel._on_flow of <Channel number=1 OPENING conn=<SelectConnection OPEN transport=<pika.adapters.utils.io_services_utils._AsyncPlaintextTransport object at 0x102176590> params=<ConnectionParameters host=localhost port=5672 virtual_host=/ ssl=False>>>>, 'one_shot': False, 'only': None, 'arguments': None}
2023-03-03 01:44:07,299 DEBUG: Added: {'callback': <bound method Channel._on_close_from_broker of <Channel number=1 OPENING conn=<SelectConnection OPEN transport=<pika.adapters.utils.io_services_utils._AsyncPlaintextTransport object at 0x102176590> params=<ConnectionParameters host=localhost port=5672 virtual_host=/ ssl=False>>>>, 'one_shot': True, 'only': None, 'arguments': None, 'calls': 1}
2023-03-03 01:44:07,299 DEBUG: SelectorIOServicesAdapter.set_writer(9, <bound method _AsyncPlaintextTransport._on_socket_writable of <pika.adapters.utils.io_services_utils._AsyncPlaintextTransport object at 0x102176590>>)
2023-03-03 01:44:07,299 DEBUG: set_writer(9, _) updated handler RdWr
2023-03-03 01:44:07,299 DEBUG: Turned on writability watcher: <socket.socket fd=9, family=30, type=1, proto=6, laddr=('::1', 55078, 0, 0), raddr=('::1', 5672, 0, 0)>
2023-03-03 01:44:07,299 DEBUG: Entering blocking state on frame <Channel.Open(['out_of_band='])>; acceptable_replies=[<class 'pika.spec.Channel.OpenOk'>]
2023-03-03 01:44:07,299 DEBUG: Adding on_synchronous_complete callback
2023-03-03 01:44:07,299 DEBUG: Added: {'callback': <bound method Channel._on_synchronous_complete of <Channel number=1 OPENING conn=<SelectConnection OPEN transport=<pika.adapters.utils.io_services_utils._AsyncPlaintextTransport object at 0x102176590> params=<ConnectionParameters host=localhost port=5672 virtual_host=/ ssl=False>>>>, 'one_shot': True, 'only': None, 'arguments': None, 'calls': 1}
2023-03-03 01:44:07,299 DEBUG: Adding passed-in RPC response callback
2023-03-03 01:44:07,300 DEBUG: Added: {'callback': <bound method Channel._on_openok of <Channel number=1 OPENING conn=<SelectConnection OPEN transport=<pika.adapters.utils.io_services_utils._AsyncPlaintextTransport object at 0x102176590> params=<ConnectionParameters host=localhost port=5672 virtual_host=/ ssl=False>>>>, 'one_shot': True, 'only': None, 'arguments': None, 'calls': 1}
2023-03-03 01:44:07,300 DEBUG: Added: {'callback': <bound method BlockingChannel._on_consumer_cancelled_by_broker of <BlockingChannel impl=<Channel number=1 OPENING conn=<SelectConnection OPEN transport=<pika.adapters.utils.io_services_utils._AsyncPlaintextTransport object at 0x102176590> params=<ConnectionParameters host=localhost port=5672 virtual_host=/ ssl=False>>>>>, 'one_shot': False, 'only': None, 'arguments': None}
2023-03-03 01:44:07,300 DEBUG: Added: {'callback': <bound method _CallbackResult.signal_once of <pika.adapters.blocking_connection._CallbackResult object at 0x102175fc0>>, 'one_shot': False, 'only': None, 'arguments': None}
2023-03-03 01:44:07,300 DEBUG: Added: {'callback': <bound method BlockingChannel._on_channel_closed of <BlockingChannel impl=<Channel number=1 OPENING conn=<SelectConnection OPEN transport=<pika.adapters.utils.io_services_utils._AsyncPlaintextTransport object at 0x102176590> params=<ConnectionParameters host=localhost port=5672 virtual_host=/ ssl=False>>>>>, 'one_shot': False, 'only': <Channel number=1 OPENING conn=<SelectConnection OPEN transport=<pika.adapters.utils.io_services_utils._AsyncPlaintextTransport object at 0x102176590> params=<ConnectionParameters host=localhost port=5672 virtual_host=/ ssl=False>>>, 'arguments': None}
2023-03-03 01:44:07,300 DEBUG: Added: {'callback': <bound method _CallbackResult.set_value_once of <pika.adapters.blocking_connection._CallbackResult object at 0x1021804c0>>, 'one_shot': False, 'only': None, 'arguments': None}
2023-03-03 01:44:07,300 INFO: Created channel=1
2023-03-03 01:44:07,300 DEBUG: SelectorIOServicesAdapter.remove_writer(9)
2023-03-03 01:44:07,300 DEBUG: remove_writer(9) updated handler Rd
2023-03-03 01:44:07,300 DEBUG: Turned off writability watcher: <socket.socket fd=9, family=30, type=1, proto=6, laddr=('::1', 55078, 0, 0), raddr=('::1', 5672, 0, 0)>
2023-03-03 01:44:07,301 DEBUG: Processing 1:Channel.OpenOk
2023-03-03 01:44:07,301 DEBUG: Processing use of oneshot callback
2023-03-03 01:44:07,301 DEBUG: 0 registered uses left
2023-03-03 01:44:07,301 DEBUG: Removing callback #0: {'callback': <bound method Channel._on_synchronous_complete of <Channel number=1 OPENING conn=<SelectConnection OPEN transport=<pika.adapters.utils.io_services_utils._AsyncPlaintextTransport object at 0x102176590> params=<ConnectionParameters host=localhost port=5672 virtual_host=/ ssl=False>>>>, 'one_shot': True, 'only': None, 'arguments': None, 'calls': 0}
2023-03-03 01:44:07,301 DEBUG: Processing use of oneshot callback
2023-03-03 01:44:07,301 DEBUG: 0 registered uses left
2023-03-03 01:44:07,301 DEBUG: Removing callback #0: {'callback': <bound method Channel._on_openok of <Channel number=1 OPENING conn=<SelectConnection OPEN transport=<pika.adapters.utils.io_services_utils._AsyncPlaintextTransport object at 0x102176590> params=<ConnectionParameters host=localhost port=5672 virtual_host=/ ssl=False>>>>, 'one_shot': True, 'only': None, 'arguments': None, 'calls': 0}
2023-03-03 01:44:07,302 DEBUG: Calling <bound method Channel._on_synchronous_complete of <Channel number=1 OPENING conn=<SelectConnection OPEN transport=<pika.adapters.utils.io_services_utils._AsyncPlaintextTransport object at 0x102176590> params=<ConnectionParameters host=localhost port=5672 virtual_host=/ ssl=False>>>> for "1:Channel.OpenOk"
2023-03-03 01:44:07,302 DEBUG: 0 blocked frames
2023-03-03 01:44:07,302 DEBUG: Calling <bound method Channel._on_openok of <Channel number=1 OPENING conn=<SelectConnection OPEN transport=<pika.adapters.utils.io_services_utils._AsyncPlaintextTransport object at 0x102176590> params=<ConnectionParameters host=localhost port=5672 virtual_host=/ ssl=False>>>> for "1:Channel.OpenOk"
2023-03-03 01:44:07,302 DEBUG: Recv would block on <socket.socket fd=9, family=30, type=1, proto=6, laddr=('::1', 55078, 0, 0), raddr=('::1', 5672, 0, 0)>
2023-03-03 01:44:07,302 DEBUG: SelectorIOServicesAdapter.set_writer(9, <bound method _AsyncPlaintextTransport._on_socket_writable of <pika.adapters.utils.io_services_utils._AsyncPlaintextTransport object at 0x102176590>>)
2023-03-03 01:44:07,302 DEBUG: set_writer(9, _) updated handler RdWr
2023-03-03 01:44:07,302 DEBUG: Turned on writability watcher: <socket.socket fd=9, family=30, type=1, proto=6, laddr=('::1', 55078, 0, 0), raddr=('::1', 5672, 0, 0)>
2023-03-03 01:44:07,302 DEBUG: Entering blocking state on frame <Queue.Declare(['arguments={}', 'auto_delete=False', 'durable=False', 'exclusive=False', 'nowait=False', 'passive=False', 'queue=red-notices-queue', 'ticket=0'])>; acceptable_replies=[(<class 'pika.spec.Queue.DeclareOk'>, {'queue': 'red-notices-queue'})]
2023-03-03 01:44:07,302 DEBUG: Adding on_synchronous_complete callback
2023-03-03 01:44:07,302 DEBUG: Added: {'callback': <bound method Channel._on_synchronous_complete of <Channel number=1 OPEN conn=<SelectConnection OPEN transport=<pika.adapters.utils.io_services_utils._AsyncPlaintextTransport object at 0x102176590> params=<ConnectionParameters host=localhost port=5672 virtual_host=/ ssl=False>>>>, 'one_shot': True, 'only': None, 'arguments': {'queue': 'red-notices-queue'}, 'calls': 1}
2023-03-03 01:44:07,302 DEBUG: Adding passed-in RPC response callback
2023-03-03 01:44:07,302 DEBUG: Added: {'callback': <bound method _CallbackResult.set_value_once of <pika.adapters.blocking_connection._CallbackResult object at 0x100ed34c0>>, 'one_shot': True, 'only': None, 'arguments': {'queue': 'red-notices-queue'}, 'calls': 1}
2023-03-03 01:44:07,302 DEBUG: SelectorIOServicesAdapter.remove_writer(9)
2023-03-03 01:44:07,302 DEBUG: remove_writer(9) updated handler Rd
2023-03-03 01:44:07,302 DEBUG: Turned off writability watcher: <socket.socket fd=9, family=30, type=1, proto=6, laddr=('::1', 55078, 0, 0), raddr=('::1', 5672, 0, 0)>
2023-03-03 01:44:07,303 DEBUG: Processing 1:Queue.DeclareOk
2023-03-03 01:44:07,303 DEBUG: Processing use of oneshot callback
2023-03-03 01:44:07,303 DEBUG: 0 registered uses left
2023-03-03 01:44:07,303 DEBUG: Comparing {'queue': 'red-notices-queue'} to {'queue': 'red-notices-queue'}
2023-03-03 01:44:07,303 DEBUG: Removing callback #0: {'callback': <bound method Channel._on_synchronous_complete of <Channel number=1 OPEN conn=<SelectConnection OPEN transport=<pika.adapters.utils.io_services_utils._AsyncPlaintextTransport object at 0x102176590> params=<ConnectionParameters host=localhost port=5672 virtual_host=/ ssl=False>>>>, 'one_shot': True, 'only': None, 'arguments': {'queue': 'red-notices-queue'}, 'calls': 0}
2023-03-03 01:44:07,303 DEBUG: Processing use of oneshot callback
2023-03-03 01:44:07,303 DEBUG: 0 registered uses left
2023-03-03 01:44:07,303 DEBUG: Comparing {'queue': 'red-notices-queue'} to {'queue': 'red-notices-queue'}
2023-03-03 01:44:07,303 DEBUG: Removing callback #0: {'callback': <bound method _CallbackResult.set_value_once of <pika.adapters.blocking_connection._CallbackResult object at 0x100ed34c0>>, 'one_shot': True, 'only': None, 'arguments': {'queue': 'red-notices-queue'}, 'calls': 0}
2023-03-03 01:44:07,303 DEBUG: Calling <bound method Channel._on_synchronous_complete of <Channel number=1 OPEN conn=<SelectConnection OPEN transport=<pika.adapters.utils.io_services_utils._AsyncPlaintextTransport object at 0x102176590> params=<ConnectionParameters host=localhost port=5672 virtual_host=/ ssl=False>>>> for "1:Queue.DeclareOk"
2023-03-03 01:44:07,304 DEBUG: 0 blocked frames
2023-03-03 01:44:07,304 DEBUG: Calling <bound method _CallbackResult.set_value_once of <pika.adapters.blocking_connection._CallbackResult object at 0x100ed34c0>> for "1:Queue.DeclareOk"
2023-03-03 01:44:07,304 DEBUG: Recv would block on <socket.socket fd=9, family=30, type=1, proto=6, laddr=('::1', 55078, 0, 0), raddr=('::1', 5672, 0, 0)>
2023-03-03 01:44:07,308 DEBUG: Starting new HTTPS connection (1): ws-public.interpol.int:443
2023-03-03 01:44:07,900 DEBUG: https://ws-public.interpol.int:443 "GET /notices/v1/red?resultPerPage=100&page=1 HTTP/1.1" 200 39511
2023-03-03 01:44:07,992 DEBUG: Starting new HTTPS connection (1): ws-public.interpol.int:443
2023-03-03 01:44:08,238 DEBUG: https://ws-public.interpol.int:443 "GET /notices/v1/red?resultPerPage=100&page=1 HTTP/1.1" 200 39511
2023-03-03 01:44:08,328 DEBUG: SelectorIOServicesAdapter.set_writer(9, <bound method _AsyncPlaintextTransport._on_socket_writable of <pika.adapters.utils.io_services_utils._AsyncPlaintextTransport object at 0x102176590>>)
2023-03-03 01:44:08,328 DEBUG: set_writer(9, _) updated handler RdWr
2023-03-03 01:44:08,328 DEBUG: Turned on writability watcher: <socket.socket fd=9, family=30, type=1, proto=6, laddr=('::1', 55078, 0, 0), raddr=('::1', 5672, 0, 0)>
2023-03-03 01:44:08,328 DEBUG: SelectorIOServicesAdapter.remove_writer(9)
2023-03-03 01:44:08,329 DEBUG: remove_writer(9) updated handler Rd
2023-03-03 01:44:08,329 DEBUG: Turned off writability watcher: <socket.socket fd=9, family=30, type=1, proto=6, laddr=('::1', 55078, 0, 0), raddr=('::1', 5672, 0, 0)>
